/var/spool/slurm/slurmd/job5463535/slurm_script: line 19: cd: /thesis/distill_diffusion: No such file or directory
usage: image_train.py [-h] [--data_dir DATA_DIR]
                      [--schedule_sampler SCHEDULE_SAMPLER] [--lr LR]
                      [--weight_decay WEIGHT_DECAY]
                      [--lr_anneal_steps LR_ANNEAL_STEPS]
                      [--batch_size BATCH_SIZE] [--microbatch MICROBATCH]
                      [--ema_rate EMA_RATE] [--log_interval LOG_INTERVAL]
                      [--save_interval SAVE_INTERVAL]
                      [--resume_checkpoint RESUME_CHECKPOINT]
                      [--use_fp16 USE_FP16]
                      [--fp16_scale_growth FP16_SCALE_GROWTH]
                      [--image_size IMAGE_SIZE] [--num_channels NUM_CHANNELS]
                      [--num_res_blocks NUM_RES_BLOCKS]
                      [--num_heads NUM_HEADS]
                      [--num_heads_upsample NUM_HEADS_UPSAMPLE]
                      [--attention_resolutions ATTENTION_RESOLUTIONS]
                      [--dropout DROPOUT] [--learn_sigma LEARN_SIGMA]
                      [--sigma_small SIGMA_SMALL] [--class_cond CLASS_COND]
                      [--diffusion_steps DIFFUSION_STEPS]
                      [--noise_schedule NOISE_SCHEDULE]
                      [--timestep_respacing TIMESTEP_RESPACING]
                      [--use_kl USE_KL] [--predict_xstart PREDICT_XSTART]
                      [--rescale_timesteps RESCALE_TIMESTEPS]
                      [--rescale_learned_sigmas RESCALE_LEARNED_SIGMAS]
                      [--use_checkpoint USE_CHECKPOINT]
                      [--use_scale_shift_norm USE_SCALE_SHIFT_NORM]
image_train.py: error: unrecognized arguments: --name quicktest

JOB STATISTICS
==============
Job ID: 5463535
Cluster: snellius
User/Group: dmul/dmul
State: FAILED (exit code 2)
Nodes: 1
Cores per node: 18
CPU Utilized: 00:00:05
CPU Efficiency: 1.16% of 00:07:12 core-walltime
Job Wall-clock time: 00:00:24
Memory Utilized: 1.17 MB
Memory Efficiency: 0.01% of 16.00 GB
